\BOOKMARK [0][-]{chapter.1}{INTRODU\307\303O}{}% 1
\BOOKMARK [1][-]{section.1.1}{Objetivos}{chapter.1}% 2
\BOOKMARK [2][-]{subsection.1.1.1}{Objetivo geral}{section.1.1}% 3
\BOOKMARK [2][-]{subsection.1.1.2}{Objetivos Espec\355ficos}{section.1.1}% 4
\BOOKMARK [0][-]{chapter.2}{REFERENCIAL TE\323RICO}{}% 5
\BOOKMARK [0][-]{chapter.3}{MATERIAL E M\311TODOS}{}% 6
\BOOKMARK [1][-]{section.3.1}{Ferramentas utilizadas}{chapter.3}% 7
\BOOKMARK [2][-]{subsection.3.1.1}{Interface gr\341fica}{section.3.1}% 8
\BOOKMARK [2][-]{subsection.3.1.2}{Base de dados}{section.3.1}% 9
\BOOKMARK [2][-]{subsection.3.1.3}{Desenvolvimento das funcionalidades}{section.3.1}% 10
\BOOKMARK [2][-]{subsection.3.1.4}{Ferramentas auxiliares}{section.3.1}% 11
\BOOKMARK [0][-]{chapter.4}{DESENVOLVIMENTO DO SISTEMA}{}% 12
\BOOKMARK [1][-]{section.4.1}{Especifica\347\343o de requisitos}{chapter.4}% 13
\BOOKMARK [1][-]{section.4.2}{Projeto}{chapter.4}% 14
\BOOKMARK [2][-]{subsection.4.2.1}{Estrutura\347\343o do banco de dados}{section.4.2}% 15
\BOOKMARK [1][-]{section.4.3}{Implementa\347\343o}{chapter.4}% 16
\BOOKMARK [1][-]{section.4.4}{Testes}{chapter.4}% 17
\BOOKMARK [0][-]{chapter.5}{RESULTADOS E DISCUSS\303O}{}% 18
\BOOKMARK [1][-]{section.5.1}{M\363dulo Professor}{chapter.5}% 19
\BOOKMARK [1][-]{section.5.2}{Componentes}{chapter.5}% 20
\BOOKMARK [2][-]{subsection.5.2.1}{Di\341rio}{section.5.2}% 21
\BOOKMARK [2][-]{subsection.5.2.2}{Aluno}{section.5.2}% 22
\BOOKMARK [2][-]{subsection.5.2.3}{Aula}{section.5.2}% 23
\BOOKMARK [2][-]{subsection.5.2.4}{Avalia\347\343o}{section.5.2}% 24
\BOOKMARK [0][-]{chapter.6}{CONCLUS\325ES}{}% 25
\BOOKMARK [0][-]{section*.1}{ REFER\312NCIAS}{}% 26
